<?xml version="1.0" encoding="UTF-8"?>
<!-- Generated by org.testng.reporters.JUnitReportReporter -->
<testsuite hostname="DESKTOP-KE25AAU" failures="0" tests="1" name="Test.AllModulesSmokeTest" time="54.924" errors="0" timestamp="2023-01-16T14:50:29 IST" skipped="0">
  <testcase classname="Test.AllModulesSmokeTest" name="OverviewAndGenerateOnlineRequest" time="54.924"/>
  <system-out/>
</testsuite> <!-- Test.AllModulesSmokeTest -->
